{"log":
 [{"message":
   ".> LEAN_PATH=.\\.\\.lake\\build\\lib PATH c:\\Users\\finge\\.elan\\toolchains\\leanprover--lean4---v4.16.0\\bin\\lean.exe .\\.\\.\\.\\Metanoia\\Music\\Interval.lean -R .\\.\\.\\. -o .\\.\\.lake\\build\\lib\\Metanoia\\Music\\Interval.olean -i .\\.\\.lake\\build\\lib\\Metanoia\\Music\\Interval.ilean -c .\\.\\.lake\\build\\ir\\Metanoia\\Music\\Interval.c --json",
   "level": "trace"},
  {"message":
   ".\\.\\.\\.\\Metanoia\\Music\\Interval.lean:75:8: declaration uses 'sorry'",
   "level": "warning"},
  {"message":
   ".\\.\\.\\.\\Metanoia\\Music\\Interval.lean:84:8: declaration uses 'sorry'",
   "level": "warning"},
  {"message":
   ".\\.\\.\\.\\Metanoia\\Music\\Interval.lean:90:8: declaration uses 'sorry'",
   "level": "warning"},
  {"message":
   ".\\.\\.\\.\\Metanoia\\Music\\Interval.lean:110:8: declaration uses 'sorry'",
   "level": "warning"},
  {"message":
   ".\\.\\.\\.\\Metanoia\\Music\\Interval.lean:118:8: declaration uses 'sorry'",
   "level": "warning"},
  {"message":
   ".\\.\\.\\.\\Metanoia\\Music\\Interval.lean:143:8: declaration uses 'sorry'",
   "level": "warning"}],
 "depHash": "14453676723831280420"}