{"log":
 [{"message":
   ".> LEAN_PATH=.\\.\\.lake\\build\\lib PATH c:\\Users\\finge\\.elan\\toolchains\\leanprover--lean4---v4.16.0\\bin\\lean.exe .\\.\\.\\.\\Metanoia\\Nat\\Basic.lean -R .\\.\\.\\. -o .\\.\\.lake\\build\\lib\\Metanoia\\Nat\\Basic.olean -i .\\.\\.lake\\build\\lib\\Metanoia\\Nat\\Basic.ilean -c .\\.\\.lake\\build\\ir\\Metanoia\\Nat\\Basic.c --json",
   "level": "trace"},
  {"message":
   ".\\.\\.\\.\\Metanoia\\Nat\\Basic.lean:41:8: declaration uses 'sorry'",
   "level": "warning"},
  {"message":
   ".\\.\\.\\.\\Metanoia\\Nat\\Basic.lean:46:8: declaration uses 'sorry'",
   "level": "warning"},
  {"message":
   ".\\.\\.\\.\\Metanoia\\Nat\\Basic.lean:51:8: declaration uses 'sorry'",
   "level": "warning"},
  {"message":
   ".\\.\\.\\.\\Metanoia\\Nat\\Basic.lean:57:8: declaration uses 'sorry'",
   "level": "warning"},
  {"message":
   ".\\.\\.\\.\\Metanoia\\Nat\\Basic.lean:62:8: declaration uses 'sorry'",
   "level": "warning"},
  {"message":
   ".\\.\\.\\.\\Metanoia\\Nat\\Basic.lean:71:8: declaration uses 'sorry'",
   "level": "warning"},
  {"message":
   ".\\.\\.\\.\\Metanoia\\Nat\\Basic.lean:76:8: declaration uses 'sorry'",
   "level": "warning"},
  {"message":
   ".\\.\\.\\.\\Metanoia\\Nat\\Basic.lean:81:8: declaration uses 'sorry'",
   "level": "warning"},
  {"message":
   ".\\.\\.\\.\\Metanoia\\Nat\\Basic.lean:86:8: declaration uses 'sorry'",
   "level": "warning"},
  {"message":
   ".\\.\\.\\.\\Metanoia\\Nat\\Basic.lean:92:8: declaration uses 'sorry'",
   "level": "warning"},
  {"message":
   ".\\.\\.\\.\\Metanoia\\Nat\\Basic.lean:98:8: declaration uses 'sorry'",
   "level": "warning"},
  {"message":
   ".\\.\\.\\.\\Metanoia\\Nat\\Basic.lean:107:8: declaration uses 'sorry'",
   "level": "warning"},
  {"message":
   ".\\.\\.\\.\\Metanoia\\Nat\\Basic.lean:113:8: declaration uses 'sorry'",
   "level": "warning"},
  {"message":
   ".\\.\\.\\.\\Metanoia\\Nat\\Basic.lean:118:8: declaration uses 'sorry'",
   "level": "warning"}],
 "depHash": "10255966823130137568"}